<?xml version="1.0" encoding="UTF-8"?>
<!-- Generated by org.testng.reporters.JUnitReportReporter -->
<testsuite skipped="0" hostname="WKWIN3708308" name="Academy.HomePageTest" tests="2" failures="0" timestamp="04 Dec 2018 12:06:31 GMT" time="46.451" errors="0">
  <testcase name="basePageNavigation" time="23.265" classname="Academy.HomePageTest"/>
  <testcase name="basePageNavigation" time="23.186" classname="Academy.HomePageTest"/>
</testsuite> <!-- Academy.HomePageTest -->
