<?xml version="1.0" encoding="UTF-8"?>
<!-- Generated by org.testng.reporters.JUnitReportReporter -->
<testsuite skipped="0" hostname="WKWIN3708308" name="Academy.LandingPageNavBarValidation" tests="1" failures="0" timestamp="04 Dec 2018 12:06:31 GMT" time="12.414" errors="0">
  <testcase name="navTest" time="12.414" classname="Academy.LandingPageNavBarValidation"/>
</testsuite> <!-- Academy.LandingPageNavBarValidation -->
